<?xml version="1.0" encoding="UTF-8"?>
<!-- Generated by org.testng.reporters.JUnitReportReporter -->
<testsuite skipped="0" hostname="vishakha-Inspiron-3542" name="com.practice.PositiveTestcases.ValidScenarioTest" tests="4" failures="0" timestamp="18 Sep 2020 16:25:37 GMT" time="23.590" errors="0">
  <testcase name="selectFromAndTOCityTest" time="5.551" classname="com.practice.PositiveTestcases.ValidScenarioTest"/>
  <testcase name="seletOneWayTest" time="2.133" classname="com.practice.PositiveTestcases.ValidScenarioTest"/>
  <testcase name="selectDateTest" time="2.559" classname="com.practice.PositiveTestcases.ValidScenarioTest"/>
  <testcase name="clickSearchTest" time="13.347" classname="com.practice.PositiveTestcases.ValidScenarioTest"/>
</testsuite> <!-- com.practice.PositiveTestcases.ValidScenarioTest -->
